[INFO  - 2016-04-10T00:30:55.891Z] GhostDriver - Main - running on port 28026
[INFO  - 2016-04-10T00:30:56.466Z] Session [7d9bc5f0-feb3-11e5-9c0b-57d99d550921] - page.settings - {"XSSAuditingEnabled":false,"javascriptCanCloseWindows":true,"javascriptCanOpenWindows":true,"javascriptEnabled":true,"loadImages":true,"localToRemoteUrlAccessEnabled":false,"userAgent":"Mozilla/5.0 (Unknown; Linux x86_64) AppleWebKit/538.1 (KHTML, like Gecko) PhantomJS/2.0.0 Safari/538.1","webSecurityEnabled":true}
[INFO  - 2016-04-10T00:30:56.466Z] Session [7d9bc5f0-feb3-11e5-9c0b-57d99d550921] - page.customHeaders:  - {}
[INFO  - 2016-04-10T00:30:56.466Z] Session [7d9bc5f0-feb3-11e5-9c0b-57d99d550921] - Session.negotiatedCapabilities - {"browserName":"phantomjs","version":"2.0.0","driverName":"ghostdriver","driverVersion":"1.2.0","platform":"linux-unknown-64bit","javascriptEnabled":true,"takesScreenshot":true,"handlesAlerts":false,"databaseEnabled":false,"locationContextEnabled":false,"applicationCacheEnabled":false,"browserConnectionEnabled":false,"cssSelectorsEnabled":true,"webStorageEnabled":false,"rotatable":false,"acceptSslCerts":false,"nativeEvents":true,"proxy":{"proxyType":"direct"}}
[INFO  - 2016-04-10T00:30:56.466Z] SessionManagerReqHand - _postNewSessionCommand - New Session Created: 7d9bc5f0-feb3-11e5-9c0b-57d99d550921
[ERROR - 2016-04-10T00:31:13.288Z] WebElementLocator - _handleLocateCommand - Element(s) NOT Found: GAVE UP. Search Stop Time: 1460248273264
[ERROR - 2016-04-10T00:31:16.604Z] WebElementLocator - _handleLocateCommand - Element(s) NOT Found: GAVE UP. Search Stop Time: 1460248276572
[ERROR - 2016-04-10T00:31:19.951Z] WebElementLocator - _handleLocateCommand - Element(s) NOT Found: GAVE UP. Search Stop Time: 1460248279908
[ERROR - 2016-04-10T00:31:23.656Z] WebElementLocator - _handleLocateCommand - Element(s) NOT Found: GAVE UP. Search Stop Time: 1460248283621
[ERROR - 2016-04-10T00:31:27.365Z] WebElementLocator - _handleLocateCommand - Element(s) NOT Found: GAVE UP. Search Stop Time: 1460248287338
[ERROR - 2016-04-10T00:31:31.134Z] WebElementLocator - _handleLocateCommand - Element(s) NOT Found: GAVE UP. Search Stop Time: 1460248291099
[ERROR - 2016-04-10T00:31:34.885Z] WebElementLocator - _handleLocateCommand - Element(s) NOT Found: GAVE UP. Search Stop Time: 1460248294840
[ERROR - 2016-04-10T00:31:38.620Z] WebElementLocator - _handleLocateCommand - Element(s) NOT Found: GAVE UP. Search Stop Time: 1460248298592
[ERROR - 2016-04-10T00:31:41.826Z] WebElementLocator - _handleLocateCommand - Element(s) NOT Found: GAVE UP. Search Stop Time: 1460248301798
[ERROR - 2016-04-10T00:31:45.049Z] WebElementLocator - _handleLocateCommand - Element(s) NOT Found: GAVE UP. Search Stop Time: 1460248305027
[ERROR - 2016-04-10T00:32:02.112Z] WebElementLocator - _handleLocateCommand - Element(s) NOT Found: GAVE UP. Search Stop Time: 1460248322090
[ERROR - 2016-04-10T00:32:18.314Z] WebElementLocator - _handleLocateCommand - Element(s) NOT Found: GAVE UP. Search Stop Time: 1460248338280
[ERROR - 2016-04-10T00:32:33.920Z] WebElementLocator - _handleLocateCommand - Element(s) NOT Found: GAVE UP. Search Stop Time: 1460248353884
[INFO  - 2016-04-10T00:32:35.288Z] ShutdownReqHand - _handle - About to shutdown
[INFO  - 2016-04-10T00:36:14.934Z] GhostDriver - Main - running on port 29874
[INFO  - 2016-04-10T00:36:15.418Z] Session [3bb7fc70-feb4-11e5-80ef-c7ab7173c3d4] - page.settings - {"XSSAuditingEnabled":false,"javascriptCanCloseWindows":true,"javascriptCanOpenWindows":true,"javascriptEnabled":true,"loadImages":true,"localToRemoteUrlAccessEnabled":false,"userAgent":"Mozilla/5.0 (Unknown; Linux x86_64) AppleWebKit/538.1 (KHTML, like Gecko) PhantomJS/2.0.0 Safari/538.1","webSecurityEnabled":true}
[INFO  - 2016-04-10T00:36:15.418Z] Session [3bb7fc70-feb4-11e5-80ef-c7ab7173c3d4] - page.customHeaders:  - {}
[INFO  - 2016-04-10T00:36:15.418Z] Session [3bb7fc70-feb4-11e5-80ef-c7ab7173c3d4] - Session.negotiatedCapabilities - {"browserName":"phantomjs","version":"2.0.0","driverName":"ghostdriver","driverVersion":"1.2.0","platform":"linux-unknown-64bit","javascriptEnabled":true,"takesScreenshot":true,"handlesAlerts":false,"databaseEnabled":false,"locationContextEnabled":false,"applicationCacheEnabled":false,"browserConnectionEnabled":false,"cssSelectorsEnabled":true,"webStorageEnabled":false,"rotatable":false,"acceptSslCerts":false,"nativeEvents":true,"proxy":{"proxyType":"direct"}}
[INFO  - 2016-04-10T00:36:15.418Z] SessionManagerReqHand - _postNewSessionCommand - New Session Created: 3bb7fc70-feb4-11e5-80ef-c7ab7173c3d4
[INFO  - 2016-04-10T00:37:34.757Z] GhostDriver - Main - running on port 19374
[INFO  - 2016-04-10T00:37:35.214Z] Session [6b47e3b0-feb4-11e5-a4e2-09e1e75fa702] - page.settings - {"XSSAuditingEnabled":false,"javascriptCanCloseWindows":true,"javascriptCanOpenWindows":true,"javascriptEnabled":true,"loadImages":true,"localToRemoteUrlAccessEnabled":false,"userAgent":"Mozilla/5.0 (Unknown; Linux x86_64) AppleWebKit/538.1 (KHTML, like Gecko) PhantomJS/2.0.0 Safari/538.1","webSecurityEnabled":true}
[INFO  - 2016-04-10T00:37:35.214Z] Session [6b47e3b0-feb4-11e5-a4e2-09e1e75fa702] - page.customHeaders:  - {}
[INFO  - 2016-04-10T00:37:35.214Z] Session [6b47e3b0-feb4-11e5-a4e2-09e1e75fa702] - Session.negotiatedCapabilities - {"browserName":"phantomjs","version":"2.0.0","driverName":"ghostdriver","driverVersion":"1.2.0","platform":"linux-unknown-64bit","javascriptEnabled":true,"takesScreenshot":true,"handlesAlerts":false,"databaseEnabled":false,"locationContextEnabled":false,"applicationCacheEnabled":false,"browserConnectionEnabled":false,"cssSelectorsEnabled":true,"webStorageEnabled":false,"rotatable":false,"acceptSslCerts":false,"nativeEvents":true,"proxy":{"proxyType":"direct"}}
[INFO  - 2016-04-10T00:37:35.214Z] SessionManagerReqHand - _postNewSessionCommand - New Session Created: 6b47e3b0-feb4-11e5-a4e2-09e1e75fa702
[INFO  - 2016-04-10T00:39:06.918Z] GhostDriver - Main - running on port 19317
[INFO  - 2016-04-10T00:39:07.399Z] Session [a23a3440-feb4-11e5-bc53-91403aeaf471] - page.settings - {"XSSAuditingEnabled":false,"javascriptCanCloseWindows":true,"javascriptCanOpenWindows":true,"javascriptEnabled":true,"loadImages":true,"localToRemoteUrlAccessEnabled":false,"userAgent":"Mozilla/5.0 (Unknown; Linux x86_64) AppleWebKit/538.1 (KHTML, like Gecko) PhantomJS/2.0.0 Safari/538.1","webSecurityEnabled":true}
[INFO  - 2016-04-10T00:39:07.399Z] Session [a23a3440-feb4-11e5-bc53-91403aeaf471] - page.customHeaders:  - {}
[INFO  - 2016-04-10T00:39:07.399Z] Session [a23a3440-feb4-11e5-bc53-91403aeaf471] - Session.negotiatedCapabilities - {"browserName":"phantomjs","version":"2.0.0","driverName":"ghostdriver","driverVersion":"1.2.0","platform":"linux-unknown-64bit","javascriptEnabled":true,"takesScreenshot":true,"handlesAlerts":false,"databaseEnabled":false,"locationContextEnabled":false,"applicationCacheEnabled":false,"browserConnectionEnabled":false,"cssSelectorsEnabled":true,"webStorageEnabled":false,"rotatable":false,"acceptSslCerts":false,"nativeEvents":true,"proxy":{"proxyType":"direct"}}
[INFO  - 2016-04-10T00:39:07.400Z] SessionManagerReqHand - _postNewSessionCommand - New Session Created: a23a3440-feb4-11e5-bc53-91403aeaf471
[ERROR - 2016-04-10T00:39:23.284Z] WebElementLocator - _handleLocateCommand - Element(s) NOT Found: GAVE UP. Search Stop Time: 1460248763273
[INFO  - 2016-04-10T00:39:28.573Z] GhostDriver - Main - running on port 12270
[INFO  - 2016-04-10T00:39:29.057Z] Session [af22f3e0-feb4-11e5-9563-1d105ecfcf85] - page.settings - {"XSSAuditingEnabled":false,"javascriptCanCloseWindows":true,"javascriptCanOpenWindows":true,"javascriptEnabled":true,"loadImages":true,"localToRemoteUrlAccessEnabled":false,"userAgent":"Mozilla/5.0 (Unknown; Linux x86_64) AppleWebKit/538.1 (KHTML, like Gecko) PhantomJS/2.0.0 Safari/538.1","webSecurityEnabled":true}
[INFO  - 2016-04-10T00:39:29.057Z] Session [af22f3e0-feb4-11e5-9563-1d105ecfcf85] - page.customHeaders:  - {}
[INFO  - 2016-04-10T00:39:29.057Z] Session [af22f3e0-feb4-11e5-9563-1d105ecfcf85] - Session.negotiatedCapabilities - {"browserName":"phantomjs","version":"2.0.0","driverName":"ghostdriver","driverVersion":"1.2.0","platform":"linux-unknown-64bit","javascriptEnabled":true,"takesScreenshot":true,"handlesAlerts":false,"databaseEnabled":false,"locationContextEnabled":false,"applicationCacheEnabled":false,"browserConnectionEnabled":false,"cssSelectorsEnabled":true,"webStorageEnabled":false,"rotatable":false,"acceptSslCerts":false,"nativeEvents":true,"proxy":{"proxyType":"direct"}}
[INFO  - 2016-04-10T00:39:29.057Z] SessionManagerReqHand - _postNewSessionCommand - New Session Created: af22f3e0-feb4-11e5-9563-1d105ecfcf85
[ERROR - 2016-04-10T00:39:44.846Z] WebElementLocator - _handleLocateCommand - Element(s) NOT Found: GAVE UP. Search Stop Time: 1460248784805
[ERROR - 2016-04-10T00:39:48.104Z] WebElementLocator - _handleLocateCommand - Element(s) NOT Found: GAVE UP. Search Stop Time: 1460248788071
[ERROR - 2016-04-10T00:39:51.270Z] WebElementLocator - _handleLocateCommand - Element(s) NOT Found: GAVE UP. Search Stop Time: 1460248791257
[ERROR - 2016-04-10T00:39:54.920Z] WebElementLocator - _handleLocateCommand - Element(s) NOT Found: GAVE UP. Search Stop Time: 1460248794901
[INFO  - 2016-04-10T00:41:15.895Z] SessionManagerReqHand - _cleanupWindowlessSessions - Asynchronous Sessions clean-up phase starting NOW
[INFO  - 2016-04-10T00:46:15.898Z] SessionManagerReqHand - _cleanupWindowlessSessions - Asynchronous Sessions clean-up phase starting NOW
[INFO  - 2016-04-10T00:51:15.898Z] SessionManagerReqHand - _cleanupWindowlessSessions - Asynchronous Sessions clean-up phase starting NOW
[INFO  - 2016-04-10T00:56:15.898Z] SessionManagerReqHand - _cleanupWindowlessSessions - Asynchronous Sessions clean-up phase starting NOW
[INFO  - 2016-04-10T01:01:15.898Z] SessionManagerReqHand - _cleanupWindowlessSessions - Asynchronous Sessions clean-up phase starting NOW
[INFO  - 2016-04-10T01:06:15.898Z] SessionManagerReqHand - _cleanupWindowlessSessions - Asynchronous Sessions clean-up phase starting NOW
